<?xml version="1.0" encoding="utf-8"?>
<TestRun id="7ca76a9a-4477-4757-9205-a4d308a21062" name="mingj@MINGJIE 2026-07-30 18:09:47" runUser="MINGJIE\mingj" xmlns="http://microsoft.com/schemas/VisualStudio/TeamTest/2010">
  <Times creation="2026-07-30T18:09:47.9890189+08:00" queuing="2026-07-30T18:09:47.9890193+08:00" start="2026-07-30T18:09:46.8868385+08:00" finish="2026-07-30T18:09:47.9951723+08:00" />
  <TestSettings name="default" id="09d8b003-14ea-4c5b-9b66-31992346edf6">
    <Deployment runDeploymentRoot="mingj_MINGJIE_2026-07-30_18_09_47" />
  </TestSettings>
  <Results>
    <UnitTestResult executionId="df20e3fd-463f-448c-b112-5eb16ca8b393" testId="58b431e9-8528-b610-f734-2744eac6cf57" testName="AgentService.UnitTests.GraphQualityAcceptanceTests.CallsGoldenCandidates_固定一百筆且獨立覆核必須通過" computerName="MINGJIE" duration="00:00:00.0158339" startTime="2026-07-30T18:09:47.8150235+08:00" endTime="2026-07-30T18:09:47.8306991+08:00" testType="13cdc9d9-ddb5-4fa4-a97d-d965ccfc6d4b" outcome="Passed" testListId="8c84fa94-04c1-424b-9868-57a2d4851a1d" relativeResultsDirectory="df20e3fd-463f-448c-b112-5eb16ca8b393" />
    <UnitTestResult executionId="3db63f71-4ade-4b6e-b515-3b5b8f774968" testId="3166b45d-cd6a-1e27-9679-a01488025032" testName="AgentService.UnitTests.GraphQualityAcceptanceTests.CallsGoldenRecall_九十筆通過少一筆失敗" computerName="MINGJIE" duration="00:00:00.0059073" startTime="2026-07-30T18:09:47.8080799+08:00" endTime="2026-07-30T18:09:47.8140045+08:00" testType="13cdc9d9-ddb5-4fa4-a97d-d965ccfc6d4b" outcome="Passed" testListId="8c84fa94-04c1-424b-9868-57a2d4851a1d" relativeResultsDirectory="3db63f71-4ade-4b6e-b515-3b5b8f774968" />
    <UnitTestResult executionId="a63a2ff0-7efa-42e6-9cf3-bf2405fcfb66" testId="ca1a4223-b4a9-cb99-03b3-336f3ab244c1" testName="AgentService.UnitTests.GraphQualityAcceptanceTests.SqlModuleDependencyGolden_應達到Fixture門檻" computerName="MINGJIE" duration="00:00:00.1798731" startTime="2026-07-30T18:09:47.5808722+08:00" endTime="2026-07-30T18:09:47.7520904+08:00" testType="13cdc9d9-ddb5-4fa4-a97d-d965ccfc6d4b" outcome="Passed" testListId="8c84fa94-04c1-424b-9868-57a2d4851a1d" relativeResultsDirectory="a63a2ff0-7efa-42e6-9cf3-bf2405fcfb66" />
    <UnitTestResult executionId="7b0908e8-8500-42bb-88fe-6fe6685d7f85" testId="531c3fcc-1150-fdb2-b379-30293ba1b4ae" testName="AgentService.UnitTests.GraphQualityAcceptanceTests.SeedDiagnostics_只回傳種類角色Id與分數" computerName="MINGJIE" duration="00:00:00.0481220" startTime="2026-07-30T18:09:47.5127139+08:00" endTime="2026-07-30T18:09:47.5667482+08:00" testType="13cdc9d9-ddb5-4fa4-a97d-d965ccfc6d4b" outcome="Passed" testListId="8c84fa94-04c1-424b-9868-57a2d4851a1d" relativeResultsDirectory="7b0908e8-8500-42bb-88fe-6fe6685d7f85" />
    <UnitTestResult executionId="3fe1410d-ffbe-4dae-bd63-cdb7d88b082c" testId="12c0333a-3a6c-5e10-93b0-f6e271912c87" testName="AgentService.UnitTests.GraphQualityAcceptanceTests.CallsGoldenDiagnostics_只接受固定安全格式" computerName="MINGJIE" duration="00:00:00.0052503" startTime="2026-07-30T18:09:47.7545436+08:00" endTime="2026-07-30T18:09:47.7597752+08:00" testType="13cdc9d9-ddb5-4fa4-a97d-d965ccfc6d4b" outcome="Passed" testListId="8c84fa94-04c1-424b-9868-57a2d4851a1d" relativeResultsDirectory="3fe1410d-ffbe-4dae-bd63-cdb7d88b082c" />
    <UnitTestResult executionId="ed97d3c0-1f57-4614-bfae-ad93295e7779" testId="1f692295-4d58-bcb0-26c8-aa81a983443a" testName="AgentService.UnitTests.GraphQualityAcceptanceTests.SeedDiagnostics_只有無關BM25命中時仍應標示MissingSeed" computerName="MINGJIE" duration="00:00:00.0006950" startTime="2026-07-30T18:09:47.8142934+08:00" endTime="2026-07-30T18:09:47.8147696+08:00" testType="13cdc9d9-ddb5-4fa4-a97d-d965ccfc6d4b" outcome="Passed" testListId="8c84fa94-04c1-424b-9868-57a2d4851a1d" relativeResultsDirectory="ed97d3c0-1f57-4614-bfae-ad93295e7779" />
    <UnitTestResult executionId="87efeead-0065-4750-a5ce-436c1e28ca15" testId="4bb3a88c-0c2c-f29f-902e-0710af2af820" testName="AgentService.UnitTests.GraphQualityAcceptanceTests.SeedDiagnostics_MergeSeedHits應去重並限制筆數" computerName="MINGJIE" duration="00:00:00.0139763" startTime="2026-07-30T18:09:47.7599395+08:00" endTime="2026-07-30T18:09:47.7738729+08:00" testType="13cdc9d9-ddb5-4fa4-a97d-d965ccfc6d4b" outcome="Passed" testListId="8c84fa94-04c1-424b-9868-57a2d4851a1d" relativeResultsDirectory="87efeead-0065-4750-a5ce-436c1e28ca15" />
    <UnitTestResult executionId="04841ea3-2991-4aa0-b5cb-7a10ce6d3acb" testId="b4b67870-0cca-9c5a-6867-b8bacb85ea91" testName="AgentService.UnitTests.GraphQualityAcceptanceTests.SeedDiagnostics_Query應含中文意圖同義詞並跳脫Lucene" computerName="MINGJIE" duration="00:00:00.0047230" startTime="2026-07-30T18:09:47.8308805+08:00" endTime="2026-07-30T18:09:47.8356161+08:00" testType="13cdc9d9-ddb5-4fa4-a97d-d965ccfc6d4b" outcome="Passed" testListId="8c84fa94-04c1-424b-9868-57a2d4851a1d" relativeResultsDirectory="04841ea3-2991-4aa0-b5cb-7a10ce6d3acb" />
    <UnitTestResult executionId="fc638f30-2976-41f3-ad71-23d51030fd30" testId="39a83058-363f-5683-ba76-7b76f3aa86dd" testName="AgentService.UnitTests.GraphQualityAcceptanceTests.EdgePrecisionReviewFixture_門檻固定且不足標記不得通過" computerName="MINGJIE" duration="00:00:00.0339494" startTime="2026-07-30T18:09:47.7740415+08:00" endTime="2026-07-30T18:09:47.8079372+08:00" testType="13cdc9d9-ddb5-4fa4-a97d-d965ccfc6d4b" outcome="Passed" testListId="8c84fa94-04c1-424b-9868-57a2d4851a1d" relativeResultsDirectory="fc638f30-2976-41f3-ad71-23d51030fd30" />
  </Results>
  <TestDefinitions>
    <UnitTest name="AgentService.UnitTests.GraphQualityAcceptanceTests.CallsGoldenCandidates_固定一百筆且獨立覆核必須通過" storage="d:\modern-wingman\modern-wingman\artifacts\graphrag-v4-quality\test-bin\debug\net10.0\agentservice.unittests.dll" id="58b431e9-8528-b610-f734-2744eac6cf57">
      <Execution id="df20e3fd-463f-448c-b112-5eb16ca8b393" />
      <TestMethod codeBase="D:\Modern-Wingman\Modern-Wingman\artifacts\graphrag-v4-quality\test-bin\Debug\net10.0\AgentService.UnitTests.dll" adapterTypeName="executor://xunit/VsTestRunner3/netcore/" className="AgentService.UnitTests.GraphQualityAcceptanceTests" name="CallsGoldenCandidates_固定一百筆且獨立覆核必須通過" />
    </UnitTest>
    <UnitTest name="AgentService.UnitTests.GraphQualityAcceptanceTests.CallsGoldenDiagnostics_只接受固定安全格式" storage="d:\modern-wingman\modern-wingman\artifacts\graphrag-v4-quality\test-bin\debug\net10.0\agentservice.unittests.dll" id="12c0333a-3a6c-5e10-93b0-f6e271912c87">
      <Execution id="3fe1410d-ffbe-4dae-bd63-cdb7d88b082c" />
      <TestMethod codeBase="D:\Modern-Wingman\Modern-Wingman\artifacts\graphrag-v4-quality\test-bin\Debug\net10.0\AgentService.UnitTests.dll" adapterTypeName="executor://xunit/VsTestRunner3/netcore/" className="AgentService.UnitTests.GraphQualityAcceptanceTests" name="CallsGoldenDiagnostics_只接受固定安全格式" />
    </UnitTest>
    <UnitTest name="AgentService.UnitTests.GraphQualityAcceptanceTests.CallsGoldenRecall_九十筆通過少一筆失敗" storage="d:\modern-wingman\modern-wingman\artifacts\graphrag-v4-quality\test-bin\debug\net10.0\agentservice.unittests.dll" id="3166b45d-cd6a-1e27-9679-a01488025032">
      <Execution id="3db63f71-4ade-4b6e-b515-3b5b8f774968" />
      <TestMethod codeBase="D:\Modern-Wingman\Modern-Wingman\artifacts\graphrag-v4-quality\test-bin\Debug\net10.0\AgentService.UnitTests.dll" adapterTypeName="executor://xunit/VsTestRunner3/netcore/" className="AgentService.UnitTests.GraphQualityAcceptanceTests" name="CallsGoldenRecall_九十筆通過少一筆失敗" />
    </UnitTest>
    <UnitTest name="AgentService.UnitTests.GraphQualityAcceptanceTests.SqlModuleDependencyGolden_應達到Fixture門檻" storage="d:\modern-wingman\modern-wingman\artifacts\graphrag-v4-quality\test-bin\debug\net10.0\agentservice.unittests.dll" id="ca1a4223-b4a9-cb99-03b3-336f3ab244c1">
      <Execution id="a63a2ff0-7efa-42e6-9cf3-bf2405fcfb66" />
      <TestMethod codeBase="D:\Modern-Wingman\Modern-Wingman\artifacts\graphrag-v4-quality\test-bin\Debug\net10.0\AgentService.UnitTests.dll" adapterTypeName="executor://xunit/VsTestRunner3/netcore/" className="AgentService.UnitTests.GraphQualityAcceptanceTests" name="SqlModuleDependencyGolden_應達到Fixture門檻" />
    </UnitTest>
    <UnitTest name="AgentService.UnitTests.GraphQualityAcceptanceTests.SeedDiagnostics_Query應含中文意圖同義詞並跳脫Lucene" storage="d:\modern-wingman\modern-wingman\artifacts\graphrag-v4-quality\test-bin\debug\net10.0\agentservice.unittests.dll" id="b4b67870-0cca-9c5a-6867-b8bacb85ea91">
      <Execution id="04841ea3-2991-4aa0-b5cb-7a10ce6d3acb" />
      <TestMethod codeBase="D:\Modern-Wingman\Modern-Wingman\artifacts\graphrag-v4-quality\test-bin\Debug\net10.0\AgentService.UnitTests.dll" adapterTypeName="executor://xunit/VsTestRunner3/netcore/" className="AgentService.UnitTests.GraphQualityAcceptanceTests" name="SeedDiagnostics_Query應含中文意圖同義詞並跳脫Lucene" />
    </UnitTest>
    <UnitTest name="AgentService.UnitTests.GraphQualityAcceptanceTests.EdgePrecisionReviewFixture_門檻固定且不足標記不得通過" storage="d:\modern-wingman\modern-wingman\artifacts\graphrag-v4-quality\test-bin\debug\net10.0\agentservice.unittests.dll" id="39a83058-363f-5683-ba76-7b76f3aa86dd">
      <Execution id="fc638f30-2976-41f3-ad71-23d51030fd30" />
      <TestMethod codeBase="D:\Modern-Wingman\Modern-Wingman\artifacts\graphrag-v4-quality\test-bin\Debug\net10.0\AgentService.UnitTests.dll" adapterTypeName="executor://xunit/VsTestRunner3/netcore/" className="AgentService.UnitTests.GraphQualityAcceptanceTests" name="EdgePrecisionReviewFixture_門檻固定且不足標記不得通過" />
    </UnitTest>
    <UnitTest name="AgentService.UnitTests.GraphQualityAcceptanceTests.SeedDiagnostics_MergeSeedHits應去重並限制筆數" storage="d:\modern-wingman\modern-wingman\artifacts\graphrag-v4-quality\test-bin\debug\net10.0\agentservice.unittests.dll" id="4bb3a88c-0c2c-f29f-902e-0710af2af820">
      <Execution id="87efeead-0065-4750-a5ce-436c1e28ca15" />
      <TestMethod codeBase="D:\Modern-Wingman\Modern-Wingman\artifacts\graphrag-v4-quality\test-bin\Debug\net10.0\AgentService.UnitTests.dll" adapterTypeName="executor://xunit/VsTestRunner3/netcore/" className="AgentService.UnitTests.GraphQualityAcceptanceTests" name="SeedDiagnostics_MergeSeedHits應去重並限制筆數" />
    </UnitTest>
    <UnitTest name="AgentService.UnitTests.GraphQualityAcceptanceTests.SeedDiagnostics_只有無關BM25命中時仍應標示MissingSeed" storage="d:\modern-wingman\modern-wingman\artifacts\graphrag-v4-quality\test-bin\debug\net10.0\agentservice.unittests.dll" id="1f692295-4d58-bcb0-26c8-aa81a983443a">
      <Execution id="ed97d3c0-1f57-4614-bfae-ad93295e7779" />
      <TestMethod codeBase="D:\Modern-Wingman\Modern-Wingman\artifacts\graphrag-v4-quality\test-bin\Debug\net10.0\AgentService.UnitTests.dll" adapterTypeName="executor://xunit/VsTestRunner3/netcore/" className="AgentService.UnitTests.GraphQualityAcceptanceTests" name="SeedDiagnostics_只有無關BM25命中時仍應標示MissingSeed" />
    </UnitTest>
    <UnitTest name="AgentService.UnitTests.GraphQualityAcceptanceTests.SeedDiagnostics_只回傳種類角色Id與分數" storage="d:\modern-wingman\modern-wingman\artifacts\graphrag-v4-quality\test-bin\debug\net10.0\agentservice.unittests.dll" id="531c3fcc-1150-fdb2-b379-30293ba1b4ae">
      <Execution id="7b0908e8-8500-42bb-88fe-6fe6685d7f85" />
      <TestMethod codeBase="D:\Modern-Wingman\Modern-Wingman\artifacts\graphrag-v4-quality\test-bin\Debug\net10.0\AgentService.UnitTests.dll" adapterTypeName="executor://xunit/VsTestRunner3/netcore/" className="AgentService.UnitTests.GraphQualityAcceptanceTests" name="SeedDiagnostics_只回傳種類角色Id與分數" />
    </UnitTest>
  </TestDefinitions>
  <TestEntries>
    <TestEntry testId="58b431e9-8528-b610-f734-2744eac6cf57" executionId="df20e3fd-463f-448c-b112-5eb16ca8b393" testListId="8c84fa94-04c1-424b-9868-57a2d4851a1d" />
    <TestEntry testId="3166b45d-cd6a-1e27-9679-a01488025032" executionId="3db63f71-4ade-4b6e-b515-3b5b8f774968" testListId="8c84fa94-04c1-424b-9868-57a2d4851a1d" />
    <TestEntry testId="ca1a4223-b4a9-cb99-03b3-336f3ab244c1" executionId="a63a2ff0-7efa-42e6-9cf3-bf2405fcfb66" testListId="8c84fa94-04c1-424b-9868-57a2d4851a1d" />
    <TestEntry testId="531c3fcc-1150-fdb2-b379-30293ba1b4ae" executionId="7b0908e8-8500-42bb-88fe-6fe6685d7f85" testListId="8c84fa94-04c1-424b-9868-57a2d4851a1d" />
    <TestEntry testId="12c0333a-3a6c-5e10-93b0-f6e271912c87" executionId="3fe1410d-ffbe-4dae-bd63-cdb7d88b082c" testListId="8c84fa94-04c1-424b-9868-57a2d4851a1d" />
    <TestEntry testId="1f692295-4d58-bcb0-26c8-aa81a983443a" executionId="ed97d3c0-1f57-4614-bfae-ad93295e7779" testListId="8c84fa94-04c1-424b-9868-57a2d4851a1d" />
    <TestEntry testId="4bb3a88c-0c2c-f29f-902e-0710af2af820" executionId="87efeead-0065-4750-a5ce-436c1e28ca15" testListId="8c84fa94-04c1-424b-9868-57a2d4851a1d" />
    <TestEntry testId="b4b67870-0cca-9c5a-6867-b8bacb85ea91" executionId="04841ea3-2991-4aa0-b5cb-7a10ce6d3acb" testListId="8c84fa94-04c1-424b-9868-57a2d4851a1d" />
    <TestEntry testId="39a83058-363f-5683-ba76-7b76f3aa86dd" executionId="fc638f30-2976-41f3-ad71-23d51030fd30" testListId="8c84fa94-04c1-424b-9868-57a2d4851a1d" />
  </TestEntries>
  <TestLists>
    <TestList name="不在清單中的結果" id="8c84fa94-04c1-424b-9868-57a2d4851a1d" />
    <TestList name="所有載入的結果" id="19431567-8539-422a-85d7-44ee4e166bda" />
  </TestLists>
  <ResultSummary outcome="Completed">
    <Counters total="9" executed="9" passed="9" failed="0" error="0" timeout="0" aborted="0" inconclusive="0" passedButRunAborted="0" notRunnable="0" notExecuted="0" disconnected="0" warning="0" completed="0" inProgress="0" pending="0" />
    <Output>
      <StdOut>[xUnit.net 00:00:00.00] xUnit.net VSTest Adapter v3.1.4+50e68bbb8b (64-bit .NET 10.0.10)&#xD;
[xUnit.net 00:00:00.10]   Discovering: AgentService.UnitTests&#xD;
[xUnit.net 00:00:00.15]   Discovered:  AgentService.UnitTests&#xD;
[xUnit.net 00:00:00.18]   Starting:    AgentService.UnitTests&#xD;
[xUnit.net 00:00:00.53]   Finished:    AgentService.UnitTests&#xD;
</StdOut>
    </Output>
  </ResultSummary>
</TestRun>